e:\project\combobox\x64\debug\combobox.pch
e:\project\combobox\x64\debug\vc142.pdb
e:\project\combobox\x64\debug\vc142.idb
e:\project\combobox\x64\debug\pch.obj
e:\project\combobox\x64\debug\comboboxdlg.obj
e:\project\combobox\x64\debug\combobox.obj
e:\project\combobox\x64\debug\ccombb.obj
e:\project\combobox\x64\debug\cboxmgr.obj
e:\project\combobox\x64\debug\combobox.ilk
e:\project\combobox\x64\debug\combobox.exe
e:\project\combobox\x64\debug\combobox.pdb
e:\project\combobox\x64\debug\combobox.res
e:\project\combobox\x64\debug\combobox.tlog\cl.command.1.tlog
e:\project\combobox\x64\debug\combobox.tlog\cl.read.1.tlog
e:\project\combobox\x64\debug\combobox.tlog\cl.write.1.tlog
e:\project\combobox\x64\debug\combobox.tlog\link.command.1.tlog
e:\project\combobox\x64\debug\combobox.tlog\link.read.1.tlog
e:\project\combobox\x64\debug\combobox.tlog\link.write.1.tlog
e:\project\combobox\x64\debug\combobox.tlog\rc.command.1.tlog
e:\project\combobox\x64\debug\combobox.tlog\rc.read.1.tlog
e:\project\combobox\x64\debug\combobox.tlog\rc.write.1.tlog
